0 info it worked if it ends with ok
1 verbose cli [ '/home/bhanu/softwares/node-v7.1.0-linux-x64/bin/node',
1 verbose cli   '/home/bhanu/softwares/node-v7.1.0-linux-x64/bin/npm',
1 verbose cli   'start' ]
2 info using npm@3.10.9
3 info using node@v7.1.0
4 verbose run-script [ 'prestart', 'start', 'poststart' ]
5 info lifecycle phaser-watch@1.0.0~prestart: phaser-watch@1.0.0
6 silly lifecycle phaser-watch@1.0.0~prestart: no script for prestart, continuing
7 info lifecycle phaser-watch@1.0.0~start: phaser-watch@1.0.0
8 verbose lifecycle phaser-watch@1.0.0~start: unsafe-perm in lifecycle true
9 verbose lifecycle phaser-watch@1.0.0~start: PATH: /home/bhanu/softwares/node-v7.1.0-linux-x64/lib/node_modules/npm/bin/node-gyp-bin:/home/bhanu/projects/phaser-watch/node_modules/.bin:/home/bhanu/bin:/home/bhanu/.local/bin:/usr/local/sbin:/usr/local/bin:/usr/sbin:/usr/bin:/sbin:/bin:/usr/games:/usr/local/games:/snap/bin:/home/bhanu/softwares/arcanist/arcanist/bin:/home/bhanu/softwares/gradle-3.2/bin:/usr/lib/jvm/jdk1.8.0_101/bin:/home/bhanu/softwares/node-v7.1.0-linux-x64/bin:/home/bhanu/Android/Sdk/platform-tools:/home/bhanu/softwares/scala-2.12.1/bin
10 verbose lifecycle phaser-watch@1.0.0~start: CWD: /home/bhanu/projects/phaser-watch
11 silly lifecycle phaser-watch@1.0.0~start: Args: [ '-c', 'node server.js' ]
12 silly lifecycle phaser-watch@1.0.0~start: Returned: code: 1  signal: null
13 info lifecycle phaser-watch@1.0.0~start: Failed to exec start script
14 verbose stack Error: phaser-watch@1.0.0 start: `node server.js`
14 verbose stack Exit status 1
14 verbose stack     at EventEmitter.<anonymous> (/home/bhanu/softwares/node-v7.1.0-linux-x64/lib/node_modules/npm/lib/utils/lifecycle.js:255:16)
14 verbose stack     at emitTwo (events.js:106:13)
14 verbose stack     at EventEmitter.emit (events.js:191:7)
14 verbose stack     at ChildProcess.<anonymous> (/home/bhanu/softwares/node-v7.1.0-linux-x64/lib/node_modules/npm/lib/utils/spawn.js:40:14)
14 verbose stack     at emitTwo (events.js:106:13)
14 verbose stack     at ChildProcess.emit (events.js:191:7)
14 verbose stack     at maybeClose (internal/child_process.js:885:16)
14 verbose stack     at Process.ChildProcess._handle.onexit (internal/child_process.js:226:5)
15 verbose pkgid phaser-watch@1.0.0
16 verbose cwd /home/bhanu/projects/phaser-watch
17 error Linux 4.8.0-49-generic
18 error argv "/home/bhanu/softwares/node-v7.1.0-linux-x64/bin/node" "/home/bhanu/softwares/node-v7.1.0-linux-x64/bin/npm" "start"
19 error node v7.1.0
20 error npm  v3.10.9
21 error code ELIFECYCLE
22 error phaser-watch@1.0.0 start: `node server.js`
22 error Exit status 1
23 error Failed at the phaser-watch@1.0.0 start script 'node server.js'.
23 error Make sure you have the latest version of node.js and npm installed.
23 error If you do, this is most likely a problem with the phaser-watch package,
23 error not with npm itself.
23 error Tell the author that this fails on your system:
23 error     node server.js
23 error You can get information on how to open an issue for this project with:
23 error     npm bugs phaser-watch
23 error Or if that isn't available, you can get their info via:
23 error     npm owner ls phaser-watch
23 error There is likely additional logging output above.
24 verbose exit [ 1, true ]
